=== Router 2 Security Log ===
Time,Event,Protocol,Details
0.05200512,OSPF_UPDATE,ROUTING,From R1
0.15200512,OSPF_UPDATE,ROUTING,From R3
8.00104096,TTL_EXPIRED,LOOP
10.05200512,OSPF_UPDATE,ROUTING,From R1
10.15200512,OSPF_UPDATE,ROUTING,From R3
16.00116384,SUSPICIOUS,MALICIOUS
20.05200512,OSPF_UPDATE,ROUTING,From R1
20.15200512,OSPF_UPDATE,ROUTING,From R3
24.00104096,BLOCKED,UNENCRYPTED
30.05200512,OSPF_UPDATE,ROUTING,From R1
30.15200512,OSPF_UPDATE,ROUTING,From R3
32.00102048,BLOCKED,UNENCRYPTED
40.00108192,BLOCKED,UNENCRYPTED
40.05200512,OSPF_UPDATE,ROUTING,From R1
40.15200512,OSPF_UPDATE,ROUTING,From R3
48.00104096,TTL_EXPIRED,LOOP
50.05200512,OSPF_UPDATE,ROUTING,From R1
50.15200512,OSPF_UPDATE,ROUTING,From R3
56.00116384,SUSPICIOUS,MALICIOUS
60.05200512,OSPF_UPDATE,ROUTING,From R1
60.15200512,OSPF_UPDATE,ROUTING,From R3
64.00104096,BLOCKED,UNENCRYPTED
70.05200512,OSPF_UPDATE,ROUTING,From R1
70.15200512,OSPF_UPDATE,ROUTING,From R3
72.00102048,BLOCKED,UNENCRYPTED
80.00108192,BLOCKED,UNENCRYPTED
80.05200512,OSPF_UPDATE,ROUTING,From R1
80.15200512,OSPF_UPDATE,ROUTING,From R3
88.00104096,TTL_EXPIRED,LOOP
90.05200512,OSPF_UPDATE,ROUTING,From R1
90.15200512,OSPF_UPDATE,ROUTING,From R3
96.00116384,SUSPICIOUS,MALICIOUS

Forwarded: 15
Dropped: 9
