=== Router 1 Security Log ===
Time,Event,Protocol,Details
0.102000512,OSPF_UPDATE,ROUTING,From R2
0.152000512,OSPF_UPDATE,ROUTING,From R3
10.102000512,OSPF_UPDATE,ROUTING,From R2
10.152000512,OSPF_UPDATE,ROUTING,From R3
20.102000512,OSPF_UPDATE,ROUTING,From R2
20.152000512,OSPF_UPDATE,ROUTING,From R3
30.102000512,OSPF_UPDATE,ROUTING,From R2
30.152000512,OSPF_UPDATE,ROUTING,From R3
40.102000512,OSPF_UPDATE,ROUTING,From R2
40.152000512,OSPF_UPDATE,ROUTING,From R3
50.102000512,OSPF_UPDATE,ROUTING,From R2
50.152000512,OSPF_UPDATE,ROUTING,From R3
60.102000512,OSPF_UPDATE,ROUTING,From R2
60.152000512,OSPF_UPDATE,ROUTING,From R3
70.102000512,OSPF_UPDATE,ROUTING,From R2
70.152000512,OSPF_UPDATE,ROUTING,From R3
80.102000512,OSPF_UPDATE,ROUTING,From R2
80.152000512,OSPF_UPDATE,ROUTING,From R3

Forwarded: 17
Dropped: 0
