=== Router 3 Security Log ===
Time,Event,Protocol,Details
0.05200512,OSPF_UPDATE,ROUTING,From R1
0.10200512,OSPF_UPDATE,ROUTING,From R2
10.05200512,OSPF_UPDATE,ROUTING,From R1
10.10200512,OSPF_UPDATE,ROUTING,From R2
16.00332768,SUSPICIOUS,MALICIOUS
20.05200512,OSPF_UPDATE,ROUTING,From R1
20.10200512,OSPF_UPDATE,ROUTING,From R2
30.05200512,OSPF_UPDATE,ROUTING,From R1
30.10200512,OSPF_UPDATE,ROUTING,From R2
40.05200512,OSPF_UPDATE,ROUTING,From R1
40.10200512,OSPF_UPDATE,ROUTING,From R2
50.05200512,OSPF_UPDATE,ROUTING,From R1
50.10200512,OSPF_UPDATE,ROUTING,From R2
56.00332768,SUSPICIOUS,MALICIOUS
60.05200512,OSPF_UPDATE,ROUTING,From R1
60.10200512,OSPF_UPDATE,ROUTING,From R2
70.05200512,OSPF_UPDATE,ROUTING,From R1
70.10200512,OSPF_UPDATE,ROUTING,From R2
80.05200512,OSPF_UPDATE,ROUTING,From R1
80.10200512,OSPF_UPDATE,ROUTING,From R2
90.05200512,OSPF_UPDATE,ROUTING,From R1
90.10200512,OSPF_UPDATE,ROUTING,From R2
96.00332768,SUSPICIOUS,MALICIOUS

Forwarded: 31
Dropped: 0
